3743146177 query error or article not found {Головчак Палемон}
3743146198 query error or article not found {Акваморф}
3743146268 query error or article not found {Александер Агассіз}
3743146436 query error or article not found {Коник блакитнокрилий}
3743146764 query error or article not found {Прус італійський}
3743146867 query error or article not found {Аріл}
3743148042 query error or article not found {Polyommatus pljushtchi}
3743150773 query error or article not found {Довгоший}
3743151739 query error or article not found {Закон Копа - Депере}
3743152041 query error or article not found {Транзакція (SQL)}
3743156688 failed request for [[Окулярникові]]: error opening #P"/tmp/metrics_tmp_3090215971085218777.json": No such file or directory

3743157177 query error or article not found {Аніме та Манга українською}
3743158448 query error or article not found {Відкритий чек}
3743159325 query error or article not found {Грим (фільм, 2013)}
3743160087 query error or article not found {Дикий мед}
3743160319 query error or article not found {Доміно (український фільм)}
3743160475 query error or article not found {Дурман кохання}
3743161208 query error or article not found {Завзяті шахраї}
3743161762 query error or article not found {І як Русь Україною стала}
3743162437 query error or article not found {Кейсі Котт}
3743163173 query error or article not found {Хіроптерімім крейдовий}
3743164219 query error or article not found {Марк Консуелос}
3743165077 query error or article not found {Наосліп (фільм, 2018)}
3743166213 query error or article not found {Berberis maderensis}
3743166750 query error or article not found {По той бік ночі}
3743167667 query error or article not found {Просихін Олег Геннадійович}
3743167973 query error or article not found {Cryptosylvicola randrianasoloi}
3743168482 query error or article not found {Сальма Гаєк}
3743169080 query error or article not found {Скіт Ульріх}
3743169106 query error or article not found {Echium candicans}
3743169111 query error or article not found {Echium nervosum}
3743169428 query error or article not found {Eozygodactylus americanus}
3743169429 query error or article not found {Список німецьких кіноакторів}
3743169433 query error or article not found {Список персонажів Рівердейлу}
3743169606 query error or article not found {Степове (фільм)}
3743170898 query error or article not found {Фенік}
3743171900 query error or article not found {Я — твій}
3743173803 query error or article not found {Musschia}
3743173804 query error or article not found {Musschia aurea}
3743173806 query error or article not found {Musschia isambertoi}
3743173808 query error or article not found {Musschia wollastonii}
3743174679 query error or article not found {Orthoretrovirinae}
3743175993 query error or article not found {Plethodon sherando}
3743176083 query error or article not found {Альфузозин}
3743177942 query error or article not found {Solanum baretiae}
3743177957 query error or article not found {Sonchus fruticosus}
3743177959 query error or article not found {Sonchus pinnatus}
3743177962 query error or article not found {Sonchus ustulatus}
3743178852 query error or article not found {Thermoanaerobacterium thermosaccharolyticum}
3743178990 query error or article not found {Теразозин}
3743179710 query error or article not found {Yumenornis huangi}
3743182545 query error or article not found {Бойко Артур Володимирович}
3743182582 query error or article not found {Бородай Олег Вадимович}
3743183029 query error or article not found {Гусєв Валерій Вікторович}
3743183068 query error or article not found {Дворянов Олександр Іванович}
3743183193 query error or article not found {Дубінчак Владислав Юрійович}
3743183472 failed request for [[Іскра (Теофіполь)]]: end of file on #<SB-SYS:FD-STREAM for "file /tmp/metrics_tmp_1208975492745037967.json" {1003E2ADD3}>

3743183488 failed request for [[Іскра (Теофіполь)]]: end of file on #<SB-SYS:FD-STREAM for "file /tmp/metrics_tmp_2130217184746501460.json" {1003F6F223}>

3743183503 failed request for [[Іскра (Теофіполь)]]: end of file on #<SB-SYS:FD-STREAM for "file /tmp/metrics_tmp_776794171578411156.json" {1005632CD3}>

3743183519 failed request for [[Іскра (Теофіполь)]]: end of file on #<SB-SYS:FD-STREAM for "file /tmp/metrics_tmp_3606714421114195940.json" {1005D1F223}>

3743183534 failed request for [[Іскра (Теофіполь)]]: end of file on #<SB-SYS:FD-STREAM for "file /tmp/metrics_tmp_3114473174692624334.json" {1005E4C093}>

3743183549 failed to get information for: [[Іскра (Теофіполь)]]

3743184644 query error or article not found {C1orf115}
3743184647 query error or article not found {C1orf122}
3743184681 query error or article not found {C1orf228}
3743186434 query error or article not found {CDR2L}
3743186441 query error or article not found {CDRT15L2}
3743186527 query error or article not found {CEND1}
3743186597 query error or article not found {CEP112}
3743186696 query error or article not found {CFAP126}
3743186941 query error or article not found {CIART}
3743187071 query error or article not found {CLDN25}
3743187214 query error or article not found {CMC1}
3743187225 query error or article not found {CMPK2}
3743187359 query error or article not found {COA3}
3743187364 query error or article not found {COA6}
3743187467 query error or article not found {COLCA2}
3743187511 query error or article not found {COPRS}
3743187595 query error or article not found {COX11}
3743188127 query error or article not found {CWF19L2}
3743188382 query error or article not found {DAO (ген)}
3743188477 query error or article not found {DCDC1}
3743188482 query error or article not found {DCDC5}
3743188540 query error or article not found {DDAH1}
3743188608 query error or article not found {DDX28}
3743188690 query error or article not found {DEFB110}
3743188724 query error or article not found {DEFB133}
3743188742 query error or article not found {DENND2C}
3743188744 query error or article not found {DENND2D}
3743188763 query error or article not found {DEPDC4}
3743188767 query error or article not found {DEPDC7}
3743188807 query error or article not found {DGKE}
3743188830 query error or article not found {DHFR2}
3743188833 query error or article not found {DHODH}
3743188861 query error or article not found {DHRS13}
3743189016 query error or article not found {DMRTB1}
3743189095 query error or article not found {DNAJC4}
3743189277 query error or article not found {DPPA5}
3743189325 query error or article not found {DRGX}
3743189386 query error or article not found {DTX4}
3743189479 query error or article not found {DYNLRB2}
3743189529 query error or article not found {EBF3}
3743189564 query error or article not found {ECSCR}
3743189631 query error or article not found {EFCAB5}
3743189642 query error or article not found {EFCAB13}
3743189972 query error or article not found {ENGASE}
3743190090 query error or article not found {EPN3}
3743190146 query error or article not found {ERCC6L2}
3743190178 query error or article not found {ERICH6}
3743190190 query error or article not found {ERMN}
3743190262 query error or article not found {ETNK1}
3743190285 query error or article not found {EVA1B}
3743190305 query error or article not found {EVX2}
3743190324 query error or article not found {EXOC3L2}
3743190456 query error or article not found {FAM9C}
3743190485 query error or article not found {FAM35A}
3743190488 query error or article not found {FAM43B}
3743190490 query error or article not found {FAM45A}
3743190500 query error or article not found {FAM47B}
3743190518 query error or article not found {FAM57A}
3743190523 query error or article not found {FAM69B}
3743190541 query error or article not found {FAM72B}
3743190580 query error or article not found {FAM89B}
3743190619 query error or article not found {FAM110D}
3743190654 query error or article not found {FAM129B}
3743190659 query error or article not found {FAM131B}
3743190674 query error or article not found {FAM151A}
3743190727 query error or article not found {FAM171B}
3743190742 query error or article not found {FAM180A}
3743190744 query error or article not found {FAM180B}
3743190749 query error or article not found {FAM183A}
3743190785 query error or article not found {FAM205C}
3743190817 query error or article not found {FAM218A}
3743190822 query error or article not found {FAM220A}
3743190837 query error or article not found {FAM229A}
3743190838 query error or article not found {FAM229B}
3743190840 query error or article not found {FAM231A}
3743190950 query error or article not found {FBXL16}
3743191007 query error or article not found {FBXO39}
3743191016 query error or article not found {FBXO45}
3743191100 query error or article not found {FDXACB1}
3743191231 query error or article not found {FICD}
3743191313 query error or article not found {FLYWCH2}
3743191393 query error or article not found {FOXB2}
3743191406 query error or article not found {FOXD4L3}
3743191441 query error or article not found {FOXL2NB}
3743191466 query error or article not found {FOXR2}
3743191496 query error or article not found {FRG2}
3743191499 query error or article not found {FRG2C}
3743191544 query error or article not found {FSD1L}
3743191626 query error or article not found {FXYD4}
3743191744 query error or article not found {GAGE1}
3743191747 query error or article not found {GAGE2B}
3743191753 query error or article not found {GAGE2E}
3743191773 query error or article not found {GAGE12H}
3743191818 query error or article not found {GALNT12}
3743191829 query error or article not found {GALNTL5}
3743191831 query error or article not found {GALNTL6}
3743191857 query error or article not found {GAREM2}
3743191873 query error or article not found {GAS8}
3743192091 query error or article not found {GIMAP1-GIMAP5}
3743192111 query error or article not found {GINS3}
3743192164 query error or article not found {GKAP1}
3743192196 query error or article not found {GLIPR1L2}
3743192247 query error or article not found {GLYATL1}
3743192272 query error or article not found {GMNC}
3743192375 query error or article not found {GOLGA6A}
3743192378 query error or article not found {GOLGA6C}
3743192380 query error or article not found {GOLGA6D}
3743192382 query error or article not found {GOLGA6L1}
3743192391 query error or article not found {GOLGA6L10}
3743192393 query error or article not found {GOLGA6L19}
3743192410 query error or article not found {GOLGA8R}
3743192468 query error or article not found {GPATCH2L}
3743192472 query error or article not found {GPATCH4}
3743192734 query error or article not found {GRID2IP}
3743192817 query error or article not found {GSG1}
3743192933 query error or article not found {GUCA2A}
3743192955 query error or article not found {GVQW2}
3743192957 query error or article not found {GXYLT1}
3743192967 query error or article not found {GYPC}
3743192972 query error or article not found {GYS2}
3743193016 query error or article not found {HAAO}
3743193057 query error or article not found {HARBI1}
3743193156 query error or article not found {HDGFL2}
3743193177 query error or article not found {HEATR9}
3743193308 query error or article not found {HILPDA}
3743193543 query error or article not found {HMX2}
3743193569 query error or article not found {HNRNPCL3}
3743193720 query error or article not found {HRASLS5}
3743193748 query error or article not found {HS3ST6}
3743193845 query error or article not found {HSPB11}
3743193852 query error or article not found {HSPE1-MOB4}
3743193909 query error or article not found {HYAL4}
3743193988 query error or article not found {IFFO2}
3743194059 query error or article not found {IFNL2}
3743194157 query error or article not found {IGSF23}
3743194343 query error or article not found {IMPG2}
3743194371 query error or article not found {INIP}
3743194425 query error or article not found {INTS4}
3743194430 query error or article not found {INTS6L}
3743194440 query error or article not found {INTS12}
3743194445 query error or article not found {INTU}
3743194451 query error or article not found {IP6K3}
3743194477 query error or article not found {IQCD}
3743194493 query error or article not found {IQCJ-SCHIP1}
3743194495 query error or article not found {IQCK}
3743194521 query error or article not found {IRF2BP1}
3743194575 query error or article not found {ISM1}
3743194588 query error or article not found {ISY1-RAB43}
3743194626 query error or article not found {ITGB1BP2}
3743194649 query error or article not found {ITIH6}
3743194676 query error or article not found {ITPRIPL1}
3743195154 query error or article not found {KIAA1456}
3743195322 query error or article not found {KLF16}
3743195331 query error or article not found {KLHDC4}
3743195339 query error or article not found {KLHDC9}
3743195367 query error or article not found {KLHL15}
3743195466 query error or article not found {KNCN}
3743195471 query error or article not found {KNOP1}
3743195486 query error or article not found {KPNA7}
3743195488 query error or article not found {KPRP}
3743195528 query error or article not found {KRT27}
3743195539 query error or article not found {KRT35}
3743195553 query error or article not found {KRT73}
3743195579 query error or article not found {KRTAP1-5}
3743195581 query error or article not found {KRTAP2-1}
3743195587 query error or article not found {KRTAP3-1}
3743195589 query error or article not found {KRTAP3-2}
3743195597 query error or article not found {KRTAP4-4}
3743195601 query error or article not found {KRTAP4-6}
3743195602 query error or article not found {KRTAP4-8}
3743195607 query error or article not found {KRTAP4-12}
3743195611 query error or article not found {KRTAP5-2}
3743195612 query error or article not found {KRTAP5-3}
3743195614 query error or article not found {KRTAP5-4}
3743195622 query error or article not found {KRTAP5-9}
3743195626 query error or article not found {KRTAP5-11}
3743195639 query error or article not found {KRTAP9-4}
3743195641 query error or article not found {KRTAP9-6}
3743195769 query error or article not found {LAGE3}
3743195846 query error or article not found {LAX1}
3743195869 query error or article not found {LCE1F}
3743195905 query error or article not found {LCN9}
3743195935 query error or article not found {LDLRAD1}
3743195953 query error or article not found {LEKR1}
3743195981 query error or article not found {LEXM}
3743195998 query error or article not found {LGALS9B}
3743196006 query error or article not found {LGALS16}
3743196015 query error or article not found {LGI4}
3743196050 query error or article not found {LHX8}
3743196068 query error or article not found {LILRA5}
3743196085 query error or article not found {LIMD2}
3743196096 query error or article not found {LIMS4}
3743196126 query error or article not found {LIPF}
3743196150 query error or article not found {LLCFC1}
3743196155 query error or article not found {LLPH}
3743196177 query error or article not found {LMNTD1}
3743196217 query error or article not found {LONRF2}
3743196246 query error or article not found {LPCAT4}
3743196326 query error or article not found {LRRC2}
3743196387 query error or article not found {LRRC37A3}
3743196390 query error or article not found {LRRC38}
3743196399 query error or article not found {LRRC43}
3743196405 query error or article not found {LRRC49}
3743196430 query error or article not found {LRRC74A}
3743196442 query error or article not found {LRRFIP2}
3743196457 query error or article not found {LRRN4}
3743196464 query error or article not found {LRRTM3}
3743196608 query error or article not found {LYRM9}
3743196615 query error or article not found {LYSMD4}
3743196620 query error or article not found {LYZL1}
3743196633 query error or article not found {LZTS2}
3743196788 query error or article not found {MAN2C1}
3743196809 query error or article not found {MAP1LC3C}
3743196869 query error or article not found {MAP6D1}
3743196879 query error or article not found {MAP10}
3743196941 query error or article not found {MARCH9}
3743196961 query error or article not found {MARVELD1}
3743196981 query error or article not found {MAT2A}
3743197011 query error or article not found {MBD3L3}
3743197227 query error or article not found {MEIKIN}
3743197269 query error or article not found {METRNL}
3743197273 query error or article not found {METTL2A}
3743197280 query error or article not found {METTL5}
3743197299 query error or article not found {METTL17}
3743197369 query error or article not found {MFSD12}
3743197371 query error or article not found {MFSD13A}
3743197438 query error or article not found {MID1IP1}
3743197470 query error or article not found {MINOS1}
3743197472 query error or article not found {MINOS1-NBL1}
3743197509 query error or article not found {MKRN1}
3743197551 query error or article not found {MLXIP}
3743197636 query error or article not found {MOB3B}
3743197668 query error or article not found {MORC4}
3743197708 query error or article not found {MPHOSPH9}
3743197726 query error or article not found {MPP4}
3743197783 query error or article not found {MRGPRX4}
3743197786 query error or article not found {MRLN}
3743197788 query error or article not found {MRM1}
3743197808 query error or article not found {MROH9}
3743197953 query error or article not found {MS4A4A}
3743197960 query error or article not found {MS4A6E}
3743197963 query error or article not found {MS4A8}
3743197965 query error or article not found {MS4A10}
3743197966 query error or article not found {MS4A12}
3743197971 query error or article not found {MS4A15}
3743198017 query error or article not found {MSS51}
3743198084 query error or article not found {MTG2}
3743198129 query error or article not found {MTPAP}
3743198142 query error or article not found {MTRNR2L4}
3743198147 query error or article not found {MTRNR2L7}
3743198155 query error or article not found {MTSS1L}
3743198159 query error or article not found {MTURN}
3743198204 query error or article not found {MUM1L1}
3743198215 query error or article not found {MVB12A}
3743198236 query error or article not found {MXRA8}
3743198340 query error or article not found {MYO1G}
3743198341 query error or article not found {MYO1H}
3743198394 query error or article not found {MYPOP}
3743198435 query error or article not found {NAA25}
3743198437 query error or article not found {NAA30}
3743198497 query error or article not found {NANOS3}
3743198569 query error or article not found {NBPF6}
3743198574 query error or article not found {NBPF11}
3743198578 query error or article not found {NBPF14}
3743198687 query error or article not found {NDRG3}
3743198734 query error or article not found {NDUFAF8}
3743198860 query error or article not found {NETO2}
3743198915 query error or article not found {NFE4}
3743198945 query error or article not found {NFXL1}
3743199008 query error or article not found {NIPSNAP1}
3743199018 query error or article not found {NIT2}
3743199203 query error or article not found {NOP9}
3743199253 query error or article not found {NOXRED1}
3743199295 query error or article not found {NPIPA5}
3743199303 query error or article not found {NPIPB6}
3743199374 query error or article not found {NR2C2AP}
3743199463 query error or article not found {NSG1}
3743199486 query error or article not found {NSUN6}
3743199529 query error or article not found {NTPCR}
3743199579 query error or article not found {NUDT10}
3743199605 query error or article not found {NUGGC}
3743199660 query error or article not found {NUTM2A}
3743199663 query error or article not found {NUTM2F}
3743199665 query error or article not found {NUTM2G}
3743199684 query error or article not found {NXNL2}
3743199689 query error or article not found {NXPE3}
3743199690 query error or article not found {NXPE4}
3743199702 query error or article not found {NYAP1}
3743200481 query error or article not found {OR56A5}
3743200549 query error or article not found {OST4}
3743200620 query error or article not found {OXLD1}
3743200625 query error or article not found {OXSM}
3743200662 query error or article not found {P3H2}
3743200680 query error or article not found {PABPC1L}
3743200688 query error or article not found {PABPC5}
3743200736 query error or article not found {PAGR1}
3743200764 query error or article not found {PALM2}
3743200783 query error or article not found {PANK3}
3743200847 query error or article not found {PARP6}
3743200851 query error or article not found {PARP9}
3743200874 query error or article not found {PATE1}
3743200884 query error or article not found {PATL2}
3743200907 query error or article not found {PAXX}
3743200973 query error or article not found {PCDHA8}
3743200978 query error or article not found {PCDHA11}
3743200982 query error or article not found {PCDHA13}
3743201013 query error or article not found {PCDHGA2}
3743201050 query error or article not found {PCED1B}
3743201063 query error or article not found {PCIF1}
3743201262 query error or article not found {PDZD3}
3743201267 query error or article not found {PDZD8}
3743201307 query error or article not found {PENK}
3743201315 query error or article not found {PERM1}
3743201322 query error or article not found {PET117}
3743201393 query error or article not found {PGAP2}
3743201426 query error or article not found {PGP (ген)}
3743201499 query error or article not found {PHLDA3}
3743201509 query error or article not found {PHOSPHO1}
3743201673 query error or article not found {PIP5KL1}
3743201724 query error or article not found {PKDREJ}
3743201761 query error or article not found {PLA2G2F}
3743201806 query error or article not found {PLB1}
3743201871 query error or article not found {PLEKHF1}
3743201892 query error or article not found {PLEKHH3}
3743201900 query error or article not found {PLEKHN1}
3743201918 query error or article not found {PLIN5}
3743201933 query error or article not found {PLOD2}
3743202026 query error or article not found {PNCK}
3743202039 query error or article not found {PNLIPRP3}
3743202046 query error or article not found {PNMA5}
3743202053 query error or article not found {PNMA8B}
3743202061 query error or article not found {PNPLA1}
3743202081 query error or article not found {POC1A}
3743202083 query error or article not found {POC1B-GALNT4}
3743202226 query error or article not found {POTEA}
3743202362 query error or article not found {PPM1J}
3743202370 query error or article not found {PPME1}
3743202430 query error or article not found {PPP1R21}
3743202431 query error or article not found {PPP1R26}
3743202440 query error or article not found {PPP1R37}
3743202455 query error or article not found {PPP2R2D}
3743202516 query error or article not found {PQLC3}
3743202543 query error or article not found {PRAMEF10}
3743202544 query error or article not found {PRAMEF11}
3743202554 query error or article not found {PRAMEF18}
3743202559 query error or article not found {PRAMEF25}
3743202564 query error or article not found {PRAMEF33}
3743202769 query error or article not found {PRPF18}
3743202961 query error or article not found {PSG8}
3743203064 query error or article not found {PTAR1}
3743203088 query error or article not found {PTDSS2}
3743203122 query error or article not found {PTGR2}
3743203300 query error or article not found {PYM1}
3743203303 query error or article not found {PYROXD2}
3743203327 query error or article not found {QSOX2}
3743203466 query error or article not found {RABEPK}
3743203510 query error or article not found {RAD51AP1}
3743203828 query error or article not found {RC3H2}
3743203839 query error or article not found {RCC1L}
3743203921 query error or article not found {REM1}
3743203985 query error or article not found {RFPL3}
3743204031 query error or article not found {RGPD1}
3743204041 query error or article not found {RGPD8}
3743204083 query error or article not found {RGSL1}
3743204149 query error or article not found {RIBC2}
3743204150 query error or article not found {RIC1}
3743204177 query error or article not found {RIMKLB}
3743204214 query error or article not found {RIPOR3}
3743204237 query error or article not found {RMDN1}
3743204239 query error or article not found {RMDN2}
3743204267 query error or article not found {RNASE13}
3743204333 query error or article not found {RNF112}
3743204338 query error or article not found {RNF114}
3743204361 query error or article not found {RNF144A}
3743204381 query error or article not found {RNF167}
3743204385 query error or article not found {RNF169}
3743204393 query error or article not found {RNF182}
3743204406 query error or article not found {RNF212B}
3743204421 query error or article not found {RNF223}
3743204423 query error or article not found {RNF224}
3743204458 query error or article not found {ROPN1}
3743204572 query error or article not found {RPRD1B}
3743204647 query error or article not found {RRNAD1}
3743204732 query error or article not found {RTL8B}
3743204765 query error or article not found {RUBCNL}
3743204786 query error or article not found {RUSC1-AS1}
3743204858 query error or article not found {S100PBP}
3743204881 query error or article not found {SAGE1}
3743204898 query error or article not found {SAMD8}
3743204923 query error or article not found {SAP30BP}
3743204948 query error or article not found {SASH3}
3743205006 query error or article not found {SCARA3}
3743205016 query error or article not found {SCCPDH}
3743205037 query error or article not found {SCGB1D1}
3743205045 query error or article not found {SCGB2B2}
3743205062 query error or article not found {SCML1}
3743205150 query error or article not found {SDF2}
3743205156 query error or article not found {SDHAF1}
3743205161 query error or article not found {SDHAF4}
3743205173 query error or article not found {SDR9C7}
3743205194 query error or article not found {SEC14L5}
3743205252 query error or article not found {SELENOM}
3743205255 query error or article not found {SELENOO}
3743205262 query error or article not found {SELENOV}
3743205280 query error or article not found {SEMA3G}
3743205414 query error or article not found {SERPINE3}
3743205429 query error or article not found {SERTAD3}
3743205432 query error or article not found {SERTM1}
3743205444 query error or article not found {SETD1A}
3743205586 query error or article not found {SH2D4B}
3743205590 query error or article not found {SH2D6}
3743205656 query error or article not found {SHE}
3743205671 query error or article not found {SHISA8}
3743205792 query error or article not found {SKA2}
3743205794 query error or article not found {SKA3}
3743205800 query error or article not found {SKIDA1}
3743205809 query error or article not found {SKOR2}
3743205925 query error or article not found {SLC6A13}
3743205949 query error or article not found {SLC7A6OS}
3743206062 query error or article not found {SLC16A12}
3743206066 query error or article not found {SLC16A14}
3743206130 query error or article not found {SLC22A20}
3743206137 query error or article not found {SLC22A31}
3743206142 query error or article not found {SLC23A3}
3743206192 query error or article not found {SLC25A28}
3743206215 query error or article not found {SLC25A42}
3743206248 query error or article not found {SLC26A11}
3743206285 query error or article not found {SLC30A9}
3743206325 query error or article not found {SLC35E2}
3743206326 query error or article not found {SLC35E2B}
3743206335 query error or article not found {SLC35F3}
3743206341 query error or article not found {SLC35G1}
3743206375 query error or article not found {SLC38A7}
3743206381 query error or article not found {SLC38A11}
3743206390 query error or article not found {SLC39A5}
3743206411 query error or article not found {SLC41A3}
3743206449 query error or article not found {SLC52A1}
3743206476 query error or article not found {SLF2}
3743206483 query error or article not found {SLFN12L}
3743206486 query error or article not found {SLFN14}
3743206488 query error or article not found {SLFNL1}
3743206589 query error or article not found {SMDT1}
3743206606 query error or article not found {SMIM5}
3743206608 query error or article not found {SMIM6}
3743206613 query error or article not found {SMIM9}
3743206629 query error or article not found {SMIM18}
3743206636 query error or article not found {SMIM22}
3743206679 query error or article not found {SMTNL1}
3743206696 query error or article not found {SMYD5}
3743206732 query error or article not found {SNHG28}
3743206747 query error or article not found {SNRNP48}
3743206805 query error or article not found {SNX11}
3743206818 query error or article not found {SNX19}
3743206832 query error or article not found {SNX29}
3743206858 query error or article not found {SOHLH1}
3743206885 query error or article not found {SOWAHB}
3743206949 query error or article not found {SPACA4}
3743206952 query error or article not found {SPACA5B}
3743206954 query error or article not found {SPACA6}
3743206974 query error or article not found {SPAG16}
3743206979 query error or article not found {SPANXA2}
3743206983 query error or article not found {SPANXC}
3743206984 query error or article not found {SPANXD}
3743207014 query error or article not found {SPATA6L}
3743207029 query error or article not found {SPATA19}
3743207031 query error or article not found {SPATA20}
3743207044 query error or article not found {SPATA31A6}
3743207051 query error or article not found {SPATA31D4}
3743207052 query error or article not found {SPATA31E1}
3743207059 query error or article not found {SPATA46}
3743207061 query error or article not found {SPATC1}
3743207096 query error or article not found {SPDYE16}
3743207106 query error or article not found {SPEM1}
3743207109 query error or article not found {SPEM3}
3743207121 query error or article not found {SPHAR}
3743207137 query error or article not found {SPIN2A}
3743207139 query error or article not found {SPIN2B}
3743207140 query error or article not found {SPIN3}
3743207220 query error or article not found {SPRR2E}
3743207265 query error or article not found {SPTSSA}
3743207356 query error or article not found {SRRM5}
3743207493 query error or article not found {ST20}
3743207501 query error or article not found {STAC3}
3743207526 query error or article not found {STARD6}
3743207587 query error or article not found {STK17B}
3743207622 query error or article not found {STMND1}
3743207634 query error or article not found {STON1-GTF2A1L}
3743207791 query error or article not found {SURF2}
3743207800 query error or article not found {SUSD3}
3743207849 query error or article not found {SYCP2L}
3743207877 query error or article not found {SYNE4}
3743207884 query error or article not found {SYNGR3}
3743207921 query error or article not found {SYT8}
3743207927 query error or article not found {SYT12}
3743207932 query error or article not found {SYT15}
3743208140 query error or article not found {TBC1D2B}
3743208147 query error or article not found {TBC1D3D}
3743208163 query error or article not found {TBC1D7}
3743208188 query error or article not found {TBC1D20}
3743208198 query error or article not found {TBC1D25}
3743208203 query error or article not found {TBC1D29}
3743208271 query error or article not found {TCAF2}
3743208283 query error or article not found {TCEAL2}
3743208291 query error or article not found {TCEAL7}
3743208302 query error or article not found {TCERG1L}
3743208324 query error or article not found {TCF25}
3743208360 query error or article not found {TCTE3}
3743208392 query error or article not found {TDRD15}
3743208395 query error or article not found {TDRP}
3743208422 query error or article not found {TEDDM1}
3743208453 query error or article not found {TERB1}
3743208497 query error or article not found {TEX26}
3743208517 query error or article not found {TEX46}
3743208630 query error or article not found {THAP8}
3743208635 query error or article not found {THAP11}
3743208691 query error or article not found {THUMPD3}
3743208734 query error or article not found {TIMM8B}
3743208745 query error or article not found {TIMM21}
3743208813 query error or article not found {TLNRD1}
3743208843 query error or article not found {TM4SF4}
3743208852 query error or article not found {TM6SF1}
3743208880 query error or article not found {TMC5}
3743208940 query error or article not found {TMEM17}
3743208953 query error or article not found {TMEM31}
3743208973 query error or article not found {TMEM42}
3743208988 query error or article not found {TMEM52}
3743209021 query error or article not found {TMEM70}
3743209032 query error or article not found {TMEM81}
3743209052 query error or article not found {TMEM95}
3743209067 query error or article not found {TMEM106A}
3743209074 query error or article not found {TMEM108}
3743209087 query error or article not found {TMEM120B}
3743209109 query error or article not found {TMEM132A}
3743209114 query error or article not found {TMEM132D}
3743209120 query error or article not found {TMEM135}
3743209158 query error or article not found {TMEM161A}
3743209170 query error or article not found {TMEM168}
3743209190 query error or article not found {TMEM178B}
3743209199 query error or article not found {TMEM183A}
3743209202 query error or article not found {TMEM184A}
3743209207 query error or article not found {TMEM185A}
3743209235 query error or article not found {TMEM202}
3743209248 query error or article not found {TMEM210}
3743209254 query error or article not found {TMEM213}
3743209255 query error or article not found {TMEM214}
3743209274 query error or article not found {TMEM225B}
3743209286 query error or article not found {TMEM234}
3743209302 query error or article not found {TMEM244}
3743209309 query error or article not found {TMEM248}
3743209312 query error or article not found {TMEM250}
3743209316 query error or article not found {TMEM252}
3743209319 query error or article not found {TMEM254}
3743209321 query error or article not found {TMEM255A}
3743209341 query error or article not found {TMEM269}
3743209351 query error or article not found {TMIGD3}
3743209366 query error or article not found {TMPRSS5}
3743209381 query error or article not found {TMPRSS13}
3743209396 query error or article not found {TMTC3}
3743209533 query error or article not found {TNS3}
3743209583 query error or article not found {TOPAZ1}
3743209623 query error or article not found {TP53TG3B}
3743209630 query error or article not found {TP53TG3F}
3743209631 query error or article not found {TP53TG5}
3743209679 query error or article not found {TPRG1L}
3743209747 query error or article not found {TRAPPC2L}
3743209750 query error or article not found {TRAPPC3L}
3743209765 query error or article not found {TRAPPC12}
3743209773 query error or article not found {TREH}
3743209828 query error or article not found {TRIM17}
3743209852 query error or article not found {TRIM35}
3743209867 query error or article not found {TRIM43B}
3743209880 query error or article not found {TRIM49C}
3743209882 query error or article not found {TRIM49D1}
3743209883 query error or article not found {TRIM49D2}
3743209968 query error or article not found {TRMT11}
3743210048 query error or article not found {TSC22D2}
3743210128 query error or article not found {TSPOAP1}
3743210191 query error or article not found {TTC9C}
3743210225 query error or article not found {TTC30B}
3743210247 query error or article not found {TTI1}
3743210316 query error or article not found {TULP2}
3743210321 query error or article not found {TUSC1}
3743210332 query error or article not found {TVP23C}
3743210762 query error or article not found {UQCRHL}
3743210765 query error or article not found {URAD}
3743210772 query error or article not found {URGCP-MRPS24}
3743210837 query error or article not found {USP17L7}
3743210839 query error or article not found {USP17L8}
3743210849 query error or article not found {USP17L17}
3743210850 query error or article not found {USP17L18}
3743210948 query error or article not found {UTP23}
3743210951 query error or article not found {UTS2B}
3743210978 query error or article not found {VANGL1}
3743211065 query error or article not found {VKORC1L1}
3743211106 query error or article not found {VPS16}
3743211143 query error or article not found {VPS54}
3743211153 query error or article not found {VSIG1}
3743211169 query error or article not found {VSTM2B}
3743211171 query error or article not found {VSTM2L}
3743211196 query error or article not found {VWA5B1}
3743211206 query error or article not found {VWCE}
3743211244 query error or article not found {WDFY1}
3743211261 query error or article not found {WDR5B}
3743211283 query error or article not found {WDR27}
3743211289 query error or article not found {WDR35}
3743211316 query error or article not found {WDR60}
3743211318 query error or article not found {WDR61}
3743211325 query error or article not found {WDR66}
3743211349 query error or article not found {WDR88}
3743211378 query error or article not found {WFDC8}
3743211384 query error or article not found {WFDC11}
3743211386 query error or article not found {WFDC12}
3743211388 query error or article not found {WFDC13}
3743211497 query error or article not found {XAGE2}
3743211498 query error or article not found {XAGE3}
3743211500 query error or article not found {XAGE5}
3743211517 query error or article not found {XKR3}
3743211525 query error or article not found {XKR8}
3743211558 query error or article not found {XXYLT1}
3743211646 query error or article not found {ZAR1}
3743211684 query error or article not found {ZBTB8B}
3743211693 query error or article not found {ZBTB12}
3743211708 query error or article not found {ZBTB25}
3743211719 query error or article not found {ZBTB39}
3743211728 query error or article not found {ZBTB44}
3743211739 query error or article not found {ZC2HC1B}
3743211777 query error or article not found {ZCCHC3}
3743211782 query error or article not found {ZCCHC7}
3743211804 query error or article not found {ZCWPW2}
3743211814 query error or article not found {ZDHHC5}
3743211817 query error or article not found {ZDHHC7}
3743211824 query error or article not found {ZDHHC12}
3743211834 query error or article not found {ZDHHC18}
3743211850 query error or article not found {ZFAND1}
3743211852 query error or article not found {ZFAND2A}
3743211854 query error or article not found {ZFAND2B}
3743211859 query error or article not found {ZFAND5}
3743211862 query error or article not found {ZFAT}
3743211892 query error or article not found {ZFP62}
3743211957 query error or article not found {ZIM3}
3743212000 query error or article not found {ZMYND15}
3743212002 query error or article not found {ZMYND19}
3743212018 query error or article not found {ZNF18}
3743212030 query error or article not found {ZNF28}
3743212033 query error or article not found {ZNF32}
3743212065 query error or article not found {ZNF77}
3743212083 query error or article not found {ZNF98}
3743212085 query error or article not found {ZNF99}
3743212140 query error or article not found {ZNF181}
3743212155 query error or article not found {ZNF205}
3743212174 query error or article not found {ZNF223}
3743212186 query error or article not found {ZNF232}
3743212204 query error or article not found {ZNF256}
3743212217 query error or article not found {ZNF273}
3743212222 query error or article not found {ZNF276}
3743212234 query error or article not found {ZNF282}
3743212235 query error or article not found {ZNF283}
3743212257 query error or article not found {ZNF317}
3743212297 query error or article not found {ZNF358}
3743212315 query error or article not found {ZNF385D}
3743212322 query error or article not found {ZNF396}
3743212335 query error or article not found {ZNF415}
3743212340 query error or article not found {ZNF418}
3743212370 query error or article not found {ZNF443}
3743212383 query error or article not found {ZNF461}
3743212402 query error or article not found {ZNF483}
3743212408 query error or article not found {ZNF488}
3743212431 query error or article not found {ZNF511}
3743212436 query error or article not found {ZNF513}
3743212443 query error or article not found {ZNF518A}
3743212461 query error or article not found {ZNF534}
3743212468 query error or article not found {ZNF543}
3743212473 query error or article not found {ZNF547}
3743212520 failed request for article [[ZNF562]]; status code: 35;
uri: https://wikimedia.org/api/rest_v1/metrics/pageviews/per-article/uk.wikipedia/all-access/user/ZNF562/daily/2018070100/2018080100
3743212538 query error or article not found {ZNF563}
3743212540 query error or article not found {ZNF564}
3743212543 query error or article not found {ZNF566}
3743212545 query error or article not found {ZNF567}
3743212555 query error or article not found {ZNF573}
3743212558 query error or article not found {ZNF575}
3743212581 query error or article not found {ZNF587B}
3743212603 query error or article not found {ZNF607}
3743212618 query error or article not found {ZNF618}
3743212626 query error or article not found {ZNF623}
3743212631 query error or article not found {ZNF626}
3743212638 query error or article not found {ZNF630}
3743212643 query error or article not found {ZNF641}
3743212648 query error or article not found {ZNF646}
3743212661 query error or article not found {ZNF660}
3743212766 query error or article not found {ZNF735}
3743212772 query error or article not found {ZNF746}
3743212781 query error or article not found {ZNF763}
3743212782 query error or article not found {ZNF764}
3743212784 query error or article not found {ZNF765}
3743212787 query error or article not found {ZNF768}
3743212817 query error or article not found {ZNF787}
3743212819 query error or article not found {ZNF789}
3743212828 query error or article not found {ZNF799}
3743212836 query error or article not found {ZNF806}
3743212838 query error or article not found {ZNF808}
3743212901 query error or article not found {ZNHIT1}
3743212903 query error or article not found {ZNHIT2}
3743212905 query error or article not found {ZNHIT3}
3743212936 query error or article not found {ZSCAN1}
3743212946 query error or article not found {ZSCAN10}
3743212979 query error or article not found {ZSWIM8}
3743212981 query error or article not found {ZSWIM9}
3743213074 request failed: The TLS/SSL connection on handle #.(SB-SYS:INT-SAP #X7F9EDC03D080) has been closed (return code: 5).
SSL error queue is empty.
